<?xml version="1.0" encoding="UTF-8"?>
<!-- Generated by org.testng.reporters.JUnitXMLReporter -->
<testsuite hostname="LAPTOP-G7DN9HJV" ignored="4" name="Test" tests="2" failures="0" timestamp="2020-07-12T23:28:09 COT" time="7.059" errors="0">
  <testcase name="test" time="6.726" classname="com.project.test.LoginTest"/>
  <testcase name="agregarCarritoTest" time="0.3" classname="com.project.test.AgregarCarritoTest"/>
  <testcase name="@BeforeSuite beforeClass" time="0.0" classname="com.project.test.BaseTest">
    <ignored/>
  </testcase> <!-- @BeforeSuite beforeClass -->
  <testcase name="@BeforeSuite beforeClass" time="0.0" classname="com.project.test.BaseTest">
    <ignored/>
  </testcase> <!-- @BeforeSuite beforeClass -->
  <testcase name="@AfterSuite afterClass" time="0.0" classname="com.project.test.BaseTest">
    <ignored/>
  </testcase> <!-- @AfterSuite afterClass -->
  <testcase name="@AfterSuite afterClass" time="0.0" classname="com.project.test.BaseTest">
    <ignored/>
  </testcase> <!-- @AfterSuite afterClass -->
</testsuite> <!-- Test -->
